# JRE version: OpenJDK Runtime Environment GraalVM CE 22.3.0 (17.0.5+8) (build 17.0.5+8-jvmci-22.3-b08)
# Java VM: OpenJDK 64-Bit Server VM GraalVM CE 22.3.0 (17.0.5+8-jvmci-22.3-b08, mixed mode, sharing, tiered, jvmci, jvmci compiler, compressed oops, compressed class ptrs, parallel gc, linux-amd64)
GC Precious Log:
 CPUs: 8 total, 1 available
 Memory: 1024M
 Large Page Support: Disabled
 NUMA Support: Disabled
 Compressed Oops: Enabled (32-bit)
 Alignments: Space 512K, Generation 512K, Heap 2M
 Heap Min Capacity: 100M
 Heap Initial Capacity: 100M
 Heap Max Capacity: 512M
 Pre-touch: Disabled
 Parallel Workers: 1
Heap:
 PSYoungGen      total 38400K, used 27135K [0x00000000f5580000, 0x00000000f8700000, 0x0000000100000000)
  eden space 27136K, 99% used [0x00000000f5580000,0x00000000f6ffffe8,0x00000000f7000000)
  from space 11264K, 0% used [0x00000000f7000000,0x00000000f7000000,0x00000000f7b00000)
  to   space 9728K, 0% used [0x00000000f7b00000,0x00000000f7b00000,0x00000000f8480000)
 ParOldGen       total 349696K, used 349695K [0x00000000e0000000, 0x00000000f5580000, 0x00000000f5580000)
  object space 349696K, 99% used [0x00000000e0000000,0x00000000f557ffd8,0x00000000f5580000)
 Metaspace       used 51094K, committed 51968K, reserved 1097728K
  class space    used 5148K, committed 5568K, reserved 1048576K
GC Heap History (20 events):
Event: 505.907 GC heap before
{Heap before GC invocations=340 (full 267):
 PSYoungGen      total 38400K, used 27135K [0x00000000f5580000, 0x00000000f8700000, 0x0000000100000000)
  eden space 27136K, 99% used [0x00000000f5580000,0x00000000f6ffffe8,0x00000000f7000000)
  from space 11264K, 0% used [0x00000000f7000000,0x00000000f7000000,0x00000000f7b00000)
  to   space 9728K, 0% used [0x00000000f7b00000,0x00000000f7b00000,0x00000000f8480000)
 ParOldGen       total 349696K, used 349694K [0x00000000e0000000, 0x00000000f5580000, 0x00000000f5580000)
  object space 349696K, 99% used [0x00000000e0000000,0x00000000f557fb00,0x00000000f5580000)
 Metaspace       used 51094K, committed 51968K, reserved 1097728K
  class space    used 5148K, committed 5568K, reserved 1048576K
}
Event: 507.652 GC heap after
{Heap after GC invocations=340 (full 267):
 PSYoungGen      total 36864K, used 27135K [0x00000000f5580000, 0x00000000f8700000, 0x0000000100000000)
  eden space 27136K, 99% used [0x00000000f5580000,0x00000000f6ffffe8,0x00000000f7000000)
  from space 9728K, 0% used [0x00000000f7b00000,0x00000000f7b00000,0x00000000f8480000)
  to   space 11264K, 0% used [0x00000000f7000000,0x00000000f7000000,0x00000000f7b00000)
 ParOldGen       total 349696K, used 349694K [0x00000000e0000000, 0x00000000f5580000, 0x00000000f5580000)
  object space 349696K, 99% used [0x00000000e0000000,0x00000000f557fb00,0x00000000f5580000)
 Metaspace       used 51094K, committed 51968K, reserved 1097728K
  class space    used 5148K, committed 5568K, reserved 1048576K
}
Event: 507.653 GC heap before
{Heap before GC invocations=341 (full 268):
 PSYoungGen      total 36864K, used 27136K [0x00000000f5580000, 0x00000000f8700000, 0x0000000100000000)
  eden space 27136K, 100% used [0x00000000f5580000,0x00000000f7000000,0x00000000f7000000)
  from space 9728K, 0% used [0x00000000f7b00000,0x00000000f7b00000,0x00000000f8480000)
  to   space 11264K, 0% used [0x00000000f7000000,0x00000000f7000000,0x00000000f7b00000)
 ParOldGen       total 349696K, used 349696K [0x00000000e0000000, 0x00000000f5580000, 0x00000000f5580000)
  object space 349696K, 100% used [0x00000000e0000000,0x00000000f5580000,0x00000000f5580000)
 Metaspace       used 51094K, committed 51968K, reserved 1097728K
  class space    used 5148K, committed 5568K, reserved 1048576K
}
Event: 509.228 GC heap after
{Heap after GC invocations=341 (full 268):
 PSYoungGen      total 38400K, used 27136K [0x00000000f5580000, 0x00000000f8700000, 0x0000000100000000)
  eden space 27136K, 100% used [0x00000000f5580000,0x00000000f7000000,0x00000000f7000000)
  from space 11264K, 0% used [0x00000000f7000000,0x00000000f7000000,0x00000000f7b00000)
  to   space 9728K, 0% used [0x00000000f7b00000,0x00000000f7b00000,0x00000000f8480000)
 ParOldGen       total 349696K, used 349695K [0x00000000e0000000, 0x00000000f5580000, 0x00000000f5580000)
  object space 349696K, 99% used [0x00000000e0000000,0x00000000f557fde0,0x00000000f5580000)
 Metaspace       used 51094K, committed 51968K, reserved 1097728K
  class space    used 5148K, committed 5568K, reserved 1048576K
}
Event: 509.232 GC heap before
{Heap before GC invocations=342 (full 269):
 PSYoungGen      total 38400K, used 27136K [0x00000000f5580000, 0x00000000f8700000, 0x0000000100000000)
  eden space 27136K, 100% used [0x00000000f5580000,0x00000000f7000000,0x00000000f7000000)
  from space 11264K, 0% used [0x00000000f7000000,0x00000000f7000000,0x00000000f7b00000)
  to   space 9728K, 0% used [0x00000000f7b00000,0x00000000f7b00000,0x00000000f8480000)
 ParOldGen       total 349696K, used 349695K [0x00000000e0000000, 0x00000000f5580000, 0x00000000f5580000)
  object space 349696K, 99% used [0x00000000e0000000,0x00000000f557fff0,0x00000000f5580000)
 Metaspace       used 51094K, committed 51968K, reserved 1097728K
  class space    used 5148K, committed 5568K, reserved 1048576K
}
Event: 511.028 GC heap after
{Heap after GC invocations=342 (full 269):
 PSYoungGen      total 36864K, used 27136K [0x00000000f5580000, 0x00000000f8700000, 0x0000000100000000)
  eden space 27136K, 100% used [0x00000000f5580000,0x00000000f7000000,0x00000000f7000000)
  from space 9728K, 0% used [0x00000000f7b00000,0x00000000f7b00000,0x00000000f8480000)
  to   space 11264K, 0% used [0x00000000f7000000,0x00000000f7000000,0x00000000f7b00000)
 ParOldGen       total 349696K, used 349695K [0x00000000e0000000, 0x00000000f5580000, 0x00000000f5580000)
  object space 349696K, 99% used [0x00000000e0000000,0x00000000f557fe40,0x00000000f5580000)
 Metaspace       used 51094K, committed 51968K, reserved 1097728K
  class space    used 5148K, committed 5568K, reserved 1048576K
}
Event: 511.031 GC heap before
{Heap before GC invocations=343 (full 270):
 PSYoungGen      total 36864K, used 27136K [0x00000000f5580000, 0x00000000f8700000, 0x0000000100000000)
  eden space 27136K, 100% used [0x00000000f5580000,0x00000000f7000000,0x00000000f7000000)
  from space 9728K, 0% used [0x00000000f7b00000,0x00000000f7b00000,0x00000000f8480000)
  to   space 11264K, 0% used [0x00000000f7000000,0x00000000f7000000,0x00000000f7b00000)
 ParOldGen       total 349696K, used 349695K [0x00000000e0000000, 0x00000000f5580000, 0x00000000f5580000)
  object space 349696K, 99% used [0x00000000e0000000,0x00000000f557ffa8,0x00000000f5580000)
 Metaspace       used 51094K, committed 51968K, reserved 1097728K
  class space    used 5148K, committed 5568K, reserved 1048576K
}
Event: 512.572 GC heap after
{Heap after GC invocations=343 (full 270):
 PSYoungGen      total 38400K, used 27135K [0x00000000f5580000, 0x00000000f8700000, 0x0000000100000000)
  eden space 27136K, 99% used [0x00000000f5580000,0x00000000f6ffffe8,0x00000000f7000000)
  from space 11264K, 0% used [0x00000000f7000000,0x00000000f7000000,0x00000000f7b00000)
  to   space 9728K, 0% used [0x00000000f7b00000,0x00000000f7b00000,0x00000000f8480000)
 ParOldGen       total 349696K, used 349695K [0x00000000e0000000, 0x00000000f5580000, 0x00000000f5580000)
  object space 349696K, 99% used [0x00000000e0000000,0x00000000f557fc68,0x00000000f5580000)
 Metaspace       used 51094K, committed 51968K, reserved 1097728K
  class space    used 5148K, committed 5568K, reserved 1048576K
}
Event: 512.573 GC heap before
{Heap before GC invocations=344 (full 271):
 PSYoungGen      total 38400K, used 27136K [0x00000000f5580000, 0x00000000f8700000, 0x0000000100000000)
  eden space 27136K, 100% used [0x00000000f5580000,0x00000000f7000000,0x00000000f7000000)
  from space 11264K, 0% used [0x00000000f7000000,0x00000000f7000000,0x00000000f7b00000)
  to   space 9728K, 0% used [0x00000000f7b00000,0x00000000f7b00000,0x00000000f8480000)
 ParOldGen       total 349696K, used 349695K [0x00000000e0000000, 0x00000000f5580000, 0x00000000f5580000)
  object space 349696K, 99% used [0x00000000e0000000,0x00000000f557fee0,0x00000000f5580000)
 Metaspace       used 51094K, committed 51968K, reserved 1097728K
  class space    used 5148K, committed 5568K, reserved 1048576K
}
Event: 514.273 GC heap after
{Heap after GC invocations=344 (full 271):
 PSYoungGen      total 36864K, used 27135K [0x00000000f5580000, 0x00000000f8700000, 0x0000000100000000)
  eden space 27136K, 99% used [0x00000000f5580000,0x00000000f6fffea8,0x00000000f7000000)
  from space 9728K, 0% used [0x00000000f7b00000,0x00000000f7b00000,0x00000000f8480000)
  to   space 11264K, 0% used [0x00000000f7000000,0x00000000f7000000,0x00000000f7b00000)
 ParOldGen       total 349696K, used 349695K [0x00000000e0000000, 0x00000000f5580000, 0x00000000f5580000)
  object space 349696K, 99% used [0x00000000e0000000,0x00000000f557fdc8,0x00000000f5580000)
 Metaspace       used 51094K, committed 51968K, reserved 1097728K
  class space    used 5148K, committed 5568K, reserved 1048576K
}
Event: 514.277 GC heap before
{Heap before GC invocations=345 (full 272):
 PSYoungGen      total 36864K, used 27135K [0x00000000f5580000, 0x00000000f8700000, 0x0000000100000000)
  eden space 27136K, 99% used [0x00000000f5580000,0x00000000f6ffffe0,0x00000000f7000000)
  from space 9728K, 0% used [0x00000000f7b00000,0x00000000f7b00000,0x00000000f8480000)
  to   space 11264K, 0% used [0x00000000f7000000,0x00000000f7000000,0x00000000f7b00000)
 ParOldGen       total 349696K, used 349695K [0x00000000e0000000, 0x00000000f5580000, 0x00000000f5580000)
  object space 349696K, 99% used [0x00000000e0000000,0x00000000f557fdc8,0x00000000f5580000)
 Metaspace       used 51094K, committed 51968K, reserved 1097728K
  class space    used 5148K, committed 5568K, reserved 1048576K
}
Event: 515.941 GC heap after
{Heap after GC invocations=345 (full 272):
 PSYoungGen      total 38400K, used 27135K [0x00000000f5580000, 0x00000000f8700000, 0x0000000100000000)
  eden space 27136K, 99% used [0x00000000f5580000,0x00000000f6ffff80,0x00000000f7000000)
  from space 11264K, 0% used [0x00000000f7000000,0x00000000f7000000,0x00000000f7b00000)
  to   space 9728K, 0% used [0x00000000f7b00000,0x00000000f7b00000,0x00000000f8480000)
 ParOldGen       total 349696K, used 349695K [0x00000000e0000000, 0x00000000f5580000, 0x00000000f5580000)
  object space 349696K, 99% used [0x00000000e0000000,0x00000000f557fdc8,0x00000000f5580000)
 Metaspace       used 51094K, committed 51968K, reserved 1097728K
  class space    used 5148K, committed 5568K, reserved 1048576K
}
Event: 515.963 GC heap before
{Heap before GC invocations=346 (full 273):
 PSYoungGen      total 38400K, used 27136K [0x00000000f5580000, 0x00000000f8700000, 0x0000000100000000)
  eden space 27136K, 100% used [0x00000000f5580000,0x00000000f7000000,0x00000000f7000000)
  from space 11264K, 0% used [0x00000000f7000000,0x00000000f7000000,0x00000000f7b00000)
  to   space 9728K, 0% used [0x00000000f7b00000,0x00000000f7b00000,0x00000000f8480000)
 ParOldGen       total 349696K, used 349695K [0x00000000e0000000, 0x00000000f5580000, 0x00000000f5580000)
  object space 349696K, 99% used [0x00000000e0000000,0x00000000f557fdc8,0x00000000f5580000)
 Metaspace       used 51094K, committed 51968K, reserved 1097728K
  class space    used 5148K, committed 5568K, reserved 1048576K
}
Event: 517.663 GC heap after
{Heap after GC invocations=346 (full 273):
 PSYoungGen      total 36864K, used 27135K [0x00000000f5580000, 0x00000000f8700000, 0x0000000100000000)
  eden space 27136K, 99% used [0x00000000f5580000,0x00000000f6ffffe8,0x00000000f7000000)
  from space 9728K, 0% used [0x00000000f7b00000,0x00000000f7b00000,0x00000000f8480000)
  to   space 11264K, 0% used [0x00000000f7000000,0x00000000f7000000,0x00000000f7b00000)
 ParOldGen       total 349696K, used 349695K [0x00000000e0000000, 0x00000000f5580000, 0x00000000f5580000)
  object space 349696K, 99% used [0x00000000e0000000,0x00000000f557fdc8,0x00000000f5580000)
 Metaspace       used 51094K, committed 51968K, reserved 1097728K
  class space    used 5148K, committed 5568K, reserved 1048576K
}
Event: 517.664 GC heap before
{Heap before GC invocations=347 (full 274):
 PSYoungGen      total 36864K, used 27136K [0x00000000f5580000, 0x00000000f8700000, 0x0000000100000000)
  eden space 27136K, 100% used [0x00000000f5580000,0x00000000f7000000,0x00000000f7000000)
  from space 9728K, 0% used [0x00000000f7b00000,0x00000000f7b00000,0x00000000f8480000)
  to   space 11264K, 0% used [0x00000000f7000000,0x00000000f7000000,0x00000000f7b00000)
 ParOldGen       total 349696K, used 349695K [0x00000000e0000000, 0x00000000f5580000, 0x00000000f5580000)
  object space 349696K, 99% used [0x00000000e0000000,0x00000000f557fdc8,0x00000000f5580000)
 Metaspace       used 51094K, committed 51968K, reserved 1097728K
  class space    used 5148K, committed 5568K, reserved 1048576K
}
Event: 519.375 GC heap after
{Heap after GC invocations=347 (full 274):
 PSYoungGen      total 38400K, used 27136K [0x00000000f5580000, 0x00000000f8700000, 0x0000000100000000)
  eden space 27136K, 100% used [0x00000000f5580000,0x00000000f7000000,0x00000000f7000000)
  from space 11264K, 0% used [0x00000000f7000000,0x00000000f7000000,0x00000000f7b00000)
  to   space 9728K, 0% used [0x00000000f7b00000,0x00000000f7b00000,0x00000000f8480000)
 ParOldGen       total 349696K, used 349695K [0x00000000e0000000, 0x00000000f5580000, 0x00000000f5580000)
  object space 349696K, 99% used [0x00000000e0000000,0x00000000f557fda8,0x00000000f5580000)
 Metaspace       used 51094K, committed 51968K, reserved 1097728K
  class space    used 5148K, committed 5568K, reserved 1048576K
}
Event: 519.380 GC heap before
{Heap before GC invocations=348 (full 275):
 PSYoungGen      total 38400K, used 27136K [0x00000000f5580000, 0x00000000f8700000, 0x0000000100000000)
  eden space 27136K, 100% used [0x00000000f5580000,0x00000000f7000000,0x00000000f7000000)
  from space 11264K, 0% used [0x00000000f7000000,0x00000000f7000000,0x00000000f7b00000)
  to   space 9728K, 0% used [0x00000000f7b00000,0x00000000f7b00000,0x00000000f8480000)
 ParOldGen       total 349696K, used 349695K [0x00000000e0000000, 0x00000000f5580000, 0x00000000f5580000)
  object space 349696K, 99% used [0x00000000e0000000,0x00000000f557ff58,0x00000000f5580000)
 Metaspace       used 51094K, committed 51968K, reserved 1097728K
  class space    used 5148K, committed 5568K, reserved 1048576K
}
Event: 521.107 GC heap after
{Heap after GC invocations=348 (full 275):
 PSYoungGen      total 36864K, used 27136K [0x00000000f5580000, 0x00000000f8700000, 0x0000000100000000)
  eden space 27136K, 100% used [0x00000000f5580000,0x00000000f7000000,0x00000000f7000000)
  from space 9728K, 0% used [0x00000000f7b00000,0x00000000f7b00000,0x00000000f8480000)
  to   space 11264K, 0% used [0x00000000f7000000,0x00000000f7000000,0x00000000f7b00000)
 ParOldGen       total 349696K, used 349695K [0x00000000e0000000, 0x00000000f5580000, 0x00000000f5580000)
  object space 349696K, 99% used [0x00000000e0000000,0x00000000f557fdd8,0x00000000f5580000)
 Metaspace       used 51094K, committed 51968K, reserved 1097728K
  class space    used 5148K, committed 5568K, reserved 1048576K
}
Event: 521.107 GC heap before
{Heap before GC invocations=349 (full 276):
 PSYoungGen      total 36864K, used 27136K [0x00000000f5580000, 0x00000000f8700000, 0x0000000100000000)
  eden space 27136K, 100% used [0x00000000f5580000,0x00000000f7000000,0x00000000f7000000)
  from space 9728K, 0% used [0x00000000f7b00000,0x00000000f7b00000,0x00000000f8480000)
  to   space 11264K, 0% used [0x00000000f7000000,0x00000000f7000000,0x00000000f7b00000)
 ParOldGen       total 349696K, used 349695K [0x00000000e0000000, 0x00000000f5580000, 0x00000000f5580000)
  object space 349696K, 99% used [0x00000000e0000000,0x00000000f557fdd8,0x00000000f5580000)
 Metaspace       used 51094K, committed 51968K, reserved 1097728K
  class space    used 5148K, committed 5568K, reserved 1048576K
}
Event: 522.935 GC heap after
{Heap after GC invocations=349 (full 276):
 PSYoungGen      total 38400K, used 27135K [0x00000000f5580000, 0x00000000f8700000, 0x0000000100000000)
  eden space 27136K, 99% used [0x00000000f5580000,0x00000000f6ffff98,0x00000000f7000000)
  from space 11264K, 0% used [0x00000000f7000000,0x00000000f7000000,0x00000000f7b00000)
  to   space 9728K, 0% used [0x00000000f7b00000,0x00000000f7b00000,0x00000000f8480000)
 ParOldGen       total 349696K, used 349695K [0x00000000e0000000, 0x00000000f5580000, 0x00000000f5580000)
  object space 349696K, 99% used [0x00000000e0000000,0x00000000f557fc48,0x00000000f5580000)
 Metaspace       used 51094K, committed 51968K, reserved 1097728K
  class space    used 5148K, committed 5568K, reserved 1048576K
}

